<?xml version="1.0" encoding="utf-8"?>
<CoverageSession xmlns:xsd="http://www.w3.org/2001/XMLSchema" xmlns:xsi="http://www.w3.org/2001/XMLSchema-instance">
  <Modules>
    <Module>
      <FullName>D:\Users\bconrad\AppData\Local\Temp\nunit20\ShadowCopyCache\10072_634481425769172213\Tests\assembly\dl3\61acee6c\de719abb_8553cc01\BookFinder.Core.DLL</FullName>
      <ModuleName>BookFinder.Core</ModuleName>
      <Files>
        <File uid="1" fullPath="D:\bconrad\Documents\Source\BlogExamples\2011-07-dotCover\BookFinder\BookFinder.Core\ViewModelBase.cs" />
        <File uid="2" fullPath="D:\bconrad\Documents\Source\BlogExamples\2011-07-dotCover\BookFinder\BookFinder.Core\BookDepository.cs" />
        <File uid="3" fullPath="D:\bconrad\Documents\Source\BlogExamples\2011-07-dotCover\BookFinder\BookFinder.Core\BookListViewModel.cs" />
        <File uid="4" fullPath="D:\bconrad\Documents\Source\BlogExamples\2011-07-dotCover\BookFinder\BookFinder.Core\Property.cs" />
        <File uid="8" fullPath="D:\bconrad\Documents\Source\BlogExamples\2011-07-dotCover\BookFinder\BookFinder.Core\BoundPropertyStrategy.cs" />
      </Files>
      <Classes>
        <Class>
          <FullName>&lt;Module&gt;</FullName>
          <Methods />
        </Class>
        <Class>
          <FullName>BookFinder.ViewModelBase</FullName>
          <Methods>
            <Method cyclomaticComplexity="1">
              <MetadataToken>100663299</MetadataToken>
              <Name>System.Void BookFinder.ViewModelBase::.ctor(System.Windows.Forms.Control)</Name>
              <FileRef uid="1" />
              <SequencePoints>
                <SequencePoint ordinal="0" offset="0" sl="11" sc="9" el="11" ec="91" vc="2" uspid="1" />
                <SequencePoint ordinal="1" offset="8" sl="13" sc="9" el="13" ec="43" vc="2" uspid="2" />
                <SequencePoint ordinal="2" offset="15" sl="14" sc="9" el="14" ec="10" vc="2" uspid="3" />
                <SequencePoint ordinal="3" offset="16" sl="15" sc="13" el="15" ec="25" vc="2" uspid="4" />
                <SequencePoint ordinal="4" offset="23" sl="16" sc="9" el="16" ec="10" vc="2" uspid="5" />
              </SequencePoints>
            </Method>
            <Method cyclomaticComplexity="5">
              <MetadataToken>100663300</MetadataToken>
              <Name>System.Void BookFinder.ViewModelBase::BindToView()</Name>
              <FileRef uid="1" />
              <SequencePoints>
                <SequencePoint ordinal="0" offset="0" sl="19" sc="9" el="19" ec="10" vc="2" uspid="6" />
                <SequencePoint ordinal="1" offset="1" sl="20" sc="13" el="20" ec="69" vc="2" uspid="7" />
                <SequencePoint ordinal="2" offset="13" sl="22" sc="13" el="22" ec="20" vc="2" uspid="8" />
                <SequencePoint ordinal="3" offset="14" sl="22" sc="45" el="22" ec="60" vc="2" uspid="9" />
                <SequencePoint ordinal="4" offset="28" sl="22" sc="23" el="22" ec="41" vc="8" uspid="10" />
                <SequencePoint ordinal="5" offset="40" sl="23" sc="13" el="23" ec="14" vc="8" uspid="11" />
                <SequencePoint ordinal="6" offset="41" sl="24" sc="17" el="24" ec="59" vc="8" uspid="12" />
                <SequencePoint ordinal="7" offset="50" sl="25" sc="13" el="25" ec="14" vc="8" uspid="13" />
                <SequencePoint ordinal="8" offset="51" sl="22" sc="42" el="22" ec="44" vc="10" uspid="14" />
                <SequencePoint ordinal="9" offset="94" sl="27" sc="13" el="27" ec="20" vc="2" uspid="15" />
                <SequencePoint ordinal="10" offset="95" sl="27" sc="42" el="27" ec="58" vc="2" uspid="16" />
                <SequencePoint ordinal="11" offset="109" sl="27" sc="23" el="27" ec="38" vc="10" uspid="17" />
                <SequencePoint ordinal="12" offset="121" sl="28" sc="13" el="28" ec="14" vc="10" uspid="18" />
                <SequencePoint ordinal="13" offset="122" sl="29" sc="17" el="29" ec="58" vc="10" uspid="19" />
                <SequencePoint ordinal="14" offset="131" sl="30" sc="13" el="30" ec="14" vc="10" uspid="20" />
                <SequencePoint ordinal="15" offset="132" sl="27" sc="39" el="27" ec="41" vc="12" uspid="21" />
                <SequencePoint ordinal="16" offset="175" sl="31" sc="9" el="31" ec="10" vc="2" uspid="22" />
              </SequencePoints>
            </Method>
            <Method cyclomaticComplexity="4">
              <MetadataToken>100663301</MetadataToken>
              <Name>System.Void BookFinder.ViewModelBase::FindPropertyToBindTo(System.Collections.ArrayList,System.Reflection.FieldInfo)</Name>
              <FileRef uid="1" />
              <SequencePoints>
                <SequencePoint ordinal="0" offset="0" sl="34" sc="9" el="34" ec="10" vc="10" uspid="23" />
                <SequencePoint ordinal="1" offset="1" sl="35" sc="13" el="35" ec="20" vc="10" uspid="24" />
                <SequencePoint ordinal="2" offset="2" sl="35" sc="42" el="35" ec="53" vc="10" uspid="25" />
                <SequencePoint ordinal="3" offset="11" sl="35" sc="23" el="35" ec="38" vc="10" uspid="26" />
                <SequencePoint ordinal="4" offset="23" sl="36" sc="13" el="36" ec="14" vc="10" uspid="27" />
                <SequencePoint ordinal="5" offset="24" sl="37" sc="17" el="37" ec="61" vc="10" uspid="28" />
                <SequencePoint ordinal="6" offset="39" sl="38" sc="17" el="38" ec="18" vc="0" uspid="29" />
                <SequencePoint ordinal="7" offset="40" sl="39" sc="21" el="39" ec="28" vc="0" uspid="30" />
                <SequencePoint ordinal="8" offset="42" sl="41" sc="13" el="41" ec="14" vc="10" uspid="31" />
                <SequencePoint ordinal="9" offset="43" sl="35" sc="39" el="35" ec="41" vc="20" uspid="32" />
                <SequencePoint ordinal="10" offset="80" sl="42" sc="9" el="42" ec="10" vc="10" uspid="33" />
              </SequencePoints>
            </Method>
            <Method cyclomaticComplexity="4">
              <MetadataToken>100663302</MetadataToken>
              <Name>System.Void BookFinder.ViewModelBase::FindEventToListenTo(System.Collections.ArrayList,System.Reflection.MethodInfo)</Name>
              <FileRef uid="1" />
              <SequencePoints>
                <SequencePoint ordinal="0" offset="0" sl="45" sc="9" el="45" ec="10" vc="8" uspid="34" />
                <SequencePoint ordinal="1" offset="1" sl="46" sc="13" el="46" ec="20" vc="8" uspid="35" />
                <SequencePoint ordinal="2" offset="2" sl="46" sc="42" el="46" ec="53" vc="8" uspid="36" />
                <SequencePoint ordinal="3" offset="11" sl="46" sc="23" el="46" ec="38" vc="8" uspid="37" />
                <SequencePoint ordinal="4" offset="23" sl="47" sc="13" el="47" ec="14" vc="8" uspid="38" />
                <SequencePoint ordinal="5" offset="24" sl="48" sc="17" el="48" ec="55" vc="8" uspid="39" />
                <SequencePoint ordinal="6" offset="39" sl="49" sc="17" el="49" ec="18" vc="0" uspid="40" />
                <SequencePoint ordinal="7" offset="40" sl="50" sc="21" el="50" ec="28" vc="0" uspid="41" />
                <SequencePoint ordinal="8" offset="42" sl="52" sc="13" el="52" ec="14" vc="8" uspid="42" />
                <SequencePoint ordinal="9" offset="43" sl="46" sc="39" el="46" ec="41" vc="16" uspid="43" />
                <SequencePoint ordinal="10" offset="80" sl="53" sc="9" el="53" ec="10" vc="8" uspid="44" />
              </SequencePoints>
            </Method>
            <Method cyclomaticComplexity="3">
              <MetadataToken>100663303</MetadataToken>
              <Name>System.Collections.IEnumerable BookFinder.ViewModelBase::PropertyFields()</Name>
              <FileRef uid="1" />
              <SequencePoints>
                <SequencePoint ordinal="0" offset="0" sl="56" sc="9" el="56" ec="10" vc="4" uspid="45" />
                <SequencePoint ordinal="1" offset="1" sl="57" sc="13" el="57" ec="48" vc="4" uspid="46" />
                <SequencePoint ordinal="2" offset="7" sl="58" sc="13" el="58" ec="20" vc="4" uspid="47" />
                <SequencePoint ordinal="3" offset="8" sl="58" sc="42" el="58" ec="82" vc="4" uspid="48" />
                <SequencePoint ordinal="4" offset="31" sl="58" sc="23" el="58" ec="38" vc="20" uspid="49" />
                <SequencePoint ordinal="5" offset="36" sl="59" sc="13" el="59" ec="14" vc="20" uspid="50" />
                <SequencePoint ordinal="6" offset="37" sl="60" sc="17" el="60" ec="75" vc="20" uspid="51" />
                <SequencePoint ordinal="7" offset="67" sl="61" sc="17" el="61" ec="18" vc="20" uspid="52" />
                <SequencePoint ordinal="8" offset="68" sl="62" sc="21" el="62" ec="39" vc="20" uspid="53" />
                <SequencePoint ordinal="9" offset="76" sl="63" sc="17" el="63" ec="18" vc="20" uspid="54" />
                <SequencePoint ordinal="10" offset="77" sl="64" sc="13" el="64" ec="14" vc="20" uspid="55" />
                <SequencePoint ordinal="11" offset="84" sl="58" sc="39" el="58" ec="41" vc="24" uspid="56" />
                <SequencePoint ordinal="12" offset="97" sl="65" sc="13" el="65" ec="27" vc="4" uspid="57" />
                <SequencePoint ordinal="13" offset="101" sl="66" sc="9" el="66" ec="10" vc="4" uspid="58" />
              </SequencePoints>
            </Method>
            <Method cyclomaticComplexity="3">
              <MetadataToken>100663304</MetadataToken>
              <Name>System.Collections.IEnumerable BookFinder.ViewModelBase::EventHandlers()</Name>
              <FileRef uid="1" />
              <SequencePoints>
                <SequencePoint ordinal="0" offset="0" sl="69" sc="9" el="69" ec="10" vc="2" uspid="59" />
                <SequencePoint ordinal="1" offset="1" sl="70" sc="13" el="70" ec="55" vc="2" uspid="60" />
                <SequencePoint ordinal="2" offset="7" sl="71" sc="13" el="71" ec="20" vc="2" uspid="61" />
                <SequencePoint ordinal="3" offset="8" sl="71" sc="44" el="71" ec="85" vc="2" uspid="62" />
                <SequencePoint ordinal="4" offset="31" sl="71" sc="23" el="71" ec="40" vc="18" uspid="63" />
                <SequencePoint ordinal="5" offset="36" sl="72" sc="13" el="72" ec="14" vc="18" uspid="64" />
                <SequencePoint ordinal="6" offset="37" sl="73" sc="17" el="73" ec="46" vc="18" uspid="65" />
                <SequencePoint ordinal="7" offset="53" sl="74" sc="17" el="74" ec="18" vc="8" uspid="66" />
                <SequencePoint ordinal="8" offset="54" sl="75" sc="21" el="75" ec="47" vc="8" uspid="67" />
                <SequencePoint ordinal="9" offset="62" sl="76" sc="17" el="76" ec="18" vc="8" uspid="68" />
                <SequencePoint ordinal="10" offset="63" sl="77" sc="13" el="77" ec="14" vc="18" uspid="69" />
                <SequencePoint ordinal="11" offset="70" sl="71" sc="41" el="71" ec="43" vc="20" uspid="70" />
                <SequencePoint ordinal="12" offset="83" sl="78" sc="13" el="78" ec="34" vc="2" uspid="71" />
                <SequencePoint ordinal="13" offset="87" sl="79" sc="9" el="79" ec="10" vc="2" uspid="72" />
              </SequencePoints>
            </Method>
            <Method cyclomaticComplexity="4">
              <MetadataToken>100663305</MetadataToken>
              <Name>System.Boolean BookFinder.ViewModelBase::isEventHandler(System.Reflection.MethodInfo)</Name>
              <FileRef uid="1" />
              <SequencePoints>
                <SequencePoint ordinal="0" offset="0" sl="82" sc="9" el="82" ec="10" vc="18" uspid="73" />
                <SequencePoint ordinal="1" offset="1" sl="83" sc="13" el="83" ec="63" vc="18" uspid="74" />
                <SequencePoint ordinal="2" offset="8" sl="84" sc="13" el="88" ec="86" vc="18" uspid="75" />
                <SequencePoint ordinal="3" offset="81" sl="89" sc="9" el="89" ec="10" vc="18" uspid="76" />
              </SequencePoints>
            </Method>
            <Method cyclomaticComplexity="3">
              <MetadataToken>100663306</MetadataToken>
              <Name>System.Boolean BookFinder.ViewModelBase::ListenToEvent(System.Windows.Forms.Control,System.Reflection.MethodInfo)</Name>
              <FileRef uid="1" />
              <SequencePoints>
                <SequencePoint ordinal="0" offset="0" sl="93" sc="9" el="93" ec="10" vc="8" uspid="77" />
                <SequencePoint ordinal="1" offset="1" sl="94" sc="13" el="94" ec="75" vc="8" uspid="78" />
                <SequencePoint ordinal="2" offset="15" sl="95" sc="13" el="95" ec="37" vc="8" uspid="79" />
                <SequencePoint ordinal="3" offset="26" sl="96" sc="13" el="96" ec="14" vc="0" uspid="80" />
                <SequencePoint ordinal="4" offset="27" sl="97" sc="17" el="97" ec="30" vc="0" uspid="81" />
                <SequencePoint ordinal="5" offset="31" sl="100" sc="13" el="100" ec="89" vc="8" uspid="82" />
                <SequencePoint ordinal="6" offset="50" sl="101" sc="13" el="101" ec="37" vc="8" uspid="83" />
                <SequencePoint ordinal="7" offset="61" sl="102" sc="13" el="102" ec="14" vc="8" uspid="84" />
                <SequencePoint ordinal="8" offset="62" sl="103" sc="17" el="103" ec="30" vc="8" uspid="85" />
                <SequencePoint ordinal="9" offset="66" sl="106" sc="13" el="110" ec="61" vc="0" uspid="86" />
                <SequencePoint ordinal="10" offset="111" sl="111" sc="13" el="111" ec="25" vc="0" uspid="87" />
                <SequencePoint ordinal="11" offset="115" sl="112" sc="9" el="112" ec="10" vc="8" uspid="88" />
              </SequencePoints>
            </Method>
            <Method cyclomaticComplexity="3">
              <MetadataToken>100663307</MetadataToken>
              <Name>System.Boolean BookFinder.ViewModelBase::BindPropertyToControl(System.Windows.Forms.Control,System.Reflection.FieldInfo)</Name>
              <FileRef uid="1" />
              <SequencePoints>
                <SequencePoint ordinal="0" offset="0" sl="115" sc="9" el="115" ec="10" vc="10" uspid="89" />
                <SequencePoint ordinal="1" offset="1" sl="116" sc="13" el="116" ec="84" vc="10" uspid="90" />
                <SequencePoint ordinal="2" offset="15" sl="117" sc="13" el="117" ec="47" vc="10" uspid="91" />
                <SequencePoint ordinal="3" offset="28" sl="118" sc="13" el="118" ec="14" vc="0" uspid="92" />
                <SequencePoint ordinal="4" offset="29" sl="119" sc="17" el="119" ec="30" vc="0" uspid="93" />
                <SequencePoint ordinal="5" offset="34" sl="122" sc="13" el="122" ec="111" vc="10" uspid="94" />
                <SequencePoint ordinal="6" offset="53" sl="123" sc="13" el="123" ec="43" vc="10" uspid="95" />
                <SequencePoint ordinal="7" offset="66" sl="124" sc="13" el="124" ec="14" vc="10" uspid="96" />
                <SequencePoint ordinal="8" offset="67" sl="125" sc="16" el="125" ec="29" vc="10" uspid="97" />
                <SequencePoint ordinal="9" offset="72" sl="128" sc="13" el="128" ec="113" vc="0" uspid="98" />
                <SequencePoint ordinal="10" offset="80" sl="129" sc="13" el="129" ec="129" vc="0" uspid="99" />
                <SequencePoint ordinal="11" offset="116" sl="130" sc="13" el="130" ec="103" vc="0" uspid="100" />
                <SequencePoint ordinal="12" offset="139" sl="131" sc="13" el="131" ec="49" vc="0" uspid="101" />
                <SequencePoint ordinal="13" offset="149" sl="133" sc="13" el="133" ec="25" vc="0" uspid="102" />
                <SequencePoint ordinal="14" offset="154" sl="134" sc="9" el="134" ec="10" vc="10" uspid="103" />
              </SequencePoints>
            </Method>
            <Method cyclomaticComplexity="2">
              <MetadataToken>100663308</MetadataToken>
              <Name>System.String BookFinder.ViewModelBase::ControlAttributeName(System.Windows.Forms.Control,System.String)</Name>
              <FileRef uid="1" />
              <SequencePoints>
                <SequencePoint ordinal="0" offset="0" sl="149" sc="9" el="149" ec="10" vc="18" uspid="104" />
                <SequencePoint ordinal="1" offset="1" sl="150" sc="13" el="150" ec="84" vc="18" uspid="105" />
                <SequencePoint ordinal="2" offset="30" sl="151" sc="13" el="151" ec="14" vc="18" uspid="106" />
                <SequencePoint ordinal="3" offset="31" sl="152" sc="17" el="152" ec="75" vc="18" uspid="107" />
                <SequencePoint ordinal="4" offset="51" sl="154" sc="13" el="154" ec="25" vc="0" uspid="108" />
                <SequencePoint ordinal="5" offset="55" sl="155" sc="9" el="155" ec="10" vc="18" uspid="109" />
              </SequencePoints>
            </Method>
            <Method cyclomaticComplexity="3">
              <MetadataToken>100663309</MetadataToken>
              <Name>System.Collections.ArrayList BookFinder.ViewModelBase::AllControlsDescendingFrom(System.Windows.Forms.Control)</Name>
              <FileRef uid="1" />
              <SequencePoints>
                <SequencePoint ordinal="0" offset="0" sl="158" sc="9" el="158" ec="10" vc="2" uspid="110" />
                <SequencePoint ordinal="1" offset="1" sl="159" sc="13" el="159" ec="53" vc="2" uspid="111" />
                <SequencePoint ordinal="2" offset="7" sl="160" sc="13" el="160" ec="42" vc="2" uspid="112" />
                <SequencePoint ordinal="3" offset="15" sl="161" sc="13" el="161" ec="20" vc="2" uspid="113" />
                <SequencePoint ordinal="4" offset="16" sl="161" sc="42" el="161" ec="62" vc="2" uspid="114" />
                <SequencePoint ordinal="5" offset="30" sl="161" sc="23" el="161" ec="38" vc="0" uspid="115" />
                <SequencePoint ordinal="6" offset="42" sl="162" sc="13" el="162" ec="14" vc="0" uspid="116" />
                <SequencePoint ordinal="7" offset="43" sl="163" sc="17" el="163" ec="74" vc="0" uspid="117" />
                <SequencePoint ordinal="8" offset="56" sl="164" sc="13" el="164" ec="14" vc="0" uspid="118" />
                <SequencePoint ordinal="9" offset="57" sl="161" sc="39" el="161" ec="41" vc="2" uspid="119" />
                <SequencePoint ordinal="10" offset="100" sl="165" sc="13" el="165" ec="32" vc="2" uspid="120" />
                <SequencePoint ordinal="11" offset="104" sl="166" sc="9" el="166" ec="10" vc="2" uspid="121" />
              </SequencePoints>
            </Method>
          </Methods>
        </Class>
        <Class>
          <FullName>BookFinder.BookDepository</FullName>
          <Methods>
            <Method cyclomaticComplexity="1">
              <MetadataToken>100663312</MetadataToken>
              <Name>System.Void BookFinder.BookDepository::.ctor()</Name>
              <FileRef uid="2" />
              <SequencePoints>
                <SequencePoint ordinal="0" offset="0" sl="10" sc="9" el="10" ec="32" vc="2" uspid="122" />
                <SequencePoint ordinal="1" offset="7" sl="11" sc="9" el="11" ec="10" vc="2" uspid="123" />
                <SequencePoint ordinal="2" offset="8" sl="12" sc="13" el="12" ec="39" vc="2" uspid="124" />
                <SequencePoint ordinal="3" offset="18" sl="13" sc="13" el="13" ec="75" vc="2" uspid="125" />
                <SequencePoint ordinal="4" offset="39" sl="14" sc="13" el="14" ec="68" vc="2" uspid="126" />
                <SequencePoint ordinal="5" offset="60" sl="15" sc="13" el="15" ec="43" vc="2" uspid="127" />
                <SequencePoint ordinal="6" offset="81" sl="16" sc="9" el="16" ec="10" vc="2" uspid="128" />
              </SequencePoints>
            </Method>
            <Method cyclomaticComplexity="4">
              <MetadataToken>100663313</MetadataToken>
              <Name>System.Collections.ICollection BookFinder.BookDepository::Find(System.String)</Name>
              <FileRef uid="2" />
              <SequencePoints>
                <SequencePoint ordinal="0" offset="0" sl="19" sc="9" el="19" ec="10" vc="2" uspid="129" />
                <SequencePoint ordinal="1" offset="1" sl="20" sc="13" el="20" ec="48" vc="2" uspid="130" />
                <SequencePoint ordinal="2" offset="7" sl="21" sc="13" el="21" ec="20" vc="2" uspid="131" />
                <SequencePoint ordinal="3" offset="8" sl="21" sc="39" el="21" ec="51" vc="2" uspid="132" />
                <SequencePoint ordinal="4" offset="26" sl="21" sc="23" el="21" ec="35" vc="6" uspid="133" />
                <SequencePoint ordinal="5" offset="38" sl="22" sc="13" el="22" ec="14" vc="6" uspid="134" />
                <SequencePoint ordinal="6" offset="39" sl="23" sc="17" el="23" ec="58" vc="6" uspid="135" />
                <SequencePoint ordinal="7" offset="55" sl="24" sc="17" el="24" ec="18" vc="1" uspid="136" />
                <SequencePoint ordinal="8" offset="56" sl="25" sc="21" el="25" ec="39" vc="1" uspid="137" />
                <SequencePoint ordinal="9" offset="64" sl="26" sc="17" el="26" ec="18" vc="1" uspid="138" />
                <SequencePoint ordinal="10" offset="65" sl="27" sc="13" el="27" ec="14" vc="6" uspid="139" />
                <SequencePoint ordinal="11" offset="66" sl="21" sc="36" el="21" ec="38" vc="8" uspid="140" />
                <SequencePoint ordinal="12" offset="109" sl="28" sc="13" el="28" ec="27" vc="2" uspid="141" />
                <SequencePoint ordinal="13" offset="113" sl="29" sc="9" el="29" ec="10" vc="2" uspid="142" />
              </SequencePoints>
            </Method>
            <Method cyclomaticComplexity="1">
              <MetadataToken>100663314</MetadataToken>
              <Name>System.String BookFinder.BookDepository::Details(System.String)</Name>
              <FileRef uid="2" />
              <SequencePoints>
                <SequencePoint ordinal="0" offset="0" sl="32" sc="9" el="32" ec="10" vc="0" uspid="143" />
                <SequencePoint ordinal="1" offset="1" sl="33" sc="13" el="33" ec="44" vc="0" uspid="144" />
                <SequencePoint ordinal="2" offset="20" sl="34" sc="9" el="34" ec="10" vc="0" uspid="145" />
              </SequencePoints>
            </Method>
          </Methods>
        </Class>
        <Class>
          <FullName>BookFinder.BookListViewModel</FullName>
          <Methods>
            <Method cyclomaticComplexity="1">
              <MetadataToken>100663315</MetadataToken>
              <Name>System.Void BookFinder.BookListViewModel::.ctor(System.Windows.Forms.Control,BookFinder.IBookDepository)</Name>
              <FileRef uid="3" />
              <SequencePoints>
                <SequencePoint ordinal="0" offset="0" sl="17" sc="9" el="18" ec="24" vc="2" uspid="146" />
                <SequencePoint ordinal="1" offset="8" sl="19" sc="9" el="19" ec="10" vc="2" uspid="147" />
                <SequencePoint ordinal="2" offset="9" sl="20" sc="13" el="20" ec="50" vc="2" uspid="148" />
                <SequencePoint ordinal="3" offset="16" sl="21" sc="13" el="21" ec="26" vc="2" uspid="149" />
                <SequencePoint ordinal="4" offset="23" sl="22" sc="9" el="22" ec="10" vc="2" uspid="150" />
              </SequencePoints>
            </Method>
            <Method cyclomaticComplexity="1">
              <MetadataToken>100663316</MetadataToken>
              <Name>System.Void BookFinder.BookListViewModel::TitleTextChanged(System.Object,System.EventArgs)</Name>
              <FileRef uid="3" />
              <SequencePoints>
                <SequencePoint ordinal="0" offset="0" sl="25" sc="9" el="25" ec="10" vc="0" uspid="151" />
                <SequencePoint ordinal="1" offset="1" sl="26" sc="13" el="26" ec="46" vc="0" uspid="152" />
                <SequencePoint ordinal="2" offset="13" sl="27" sc="13" el="27" ec="72" vc="0" uspid="153" />
                <SequencePoint ordinal="3" offset="42" sl="28" sc="9" el="28" ec="10" vc="0" uspid="154" />
              </SequencePoints>
            </Method>
            <Method cyclomaticComplexity="2">
              <MetadataToken>100663317</MetadataToken>
              <Name>System.Void BookFinder.BookListViewModel::TitleKeyPress(System.Object,System.Windows.Forms.KeyPressEventArgs)</Name>
              <FileRef uid="3" />
              <SequencePoints>
                <SequencePoint ordinal="0" offset="0" sl="31" sc="9" el="31" ec="10" vc="0" uspid="155" />
                <SequencePoint ordinal="1" offset="1" sl="32" sc="13" el="32" ec="50" vc="0" uspid="156" />
                <SequencePoint ordinal="2" offset="18" sl="33" sc="13" el="33" ec="14" vc="0" uspid="157" />
                <SequencePoint ordinal="3" offset="19" sl="34" sc="17" el="34" ec="39" vc="0" uspid="158" />
                <SequencePoint ordinal="4" offset="28" sl="35" sc="13" el="35" ec="14" vc="0" uspid="159" />
                <SequencePoint ordinal="5" offset="29" sl="36" sc="9" el="36" ec="10" vc="0" uspid="160" />
              </SequencePoints>
            </Method>
            <Method cyclomaticComplexity="3">
              <MetadataToken>100663318</MetadataToken>
              <Name>System.Void BookFinder.BookListViewModel::FindClick(System.Object,System.EventArgs)</Name>
              <FileRef uid="3" />
              <SequencePoints>
                <SequencePoint ordinal="0" offset="0" sl="39" sc="9" el="39" ec="10" vc="2" uspid="161" />
                <SequencePoint ordinal="1" offset="1" sl="40" sc="13" el="40" ec="70" vc="2" uspid="162" />
                <SequencePoint ordinal="2" offset="24" sl="41" sc="13" el="41" ec="55" vc="2" uspid="163" />
                <SequencePoint ordinal="3" offset="36" sl="43" sc="13" el="43" ec="35" vc="2" uspid="164" />
                <SequencePoint ordinal="4" offset="43" sl="44" sc="13" el="44" ec="20" vc="2" uspid="165" />
                <SequencePoint ordinal="5" offset="44" sl="44" sc="38" el="44" ec="43" vc="2" uspid="166" />
                <SequencePoint ordinal="6" offset="53" sl="44" sc="23" el="44" ec="34" vc="1" uspid="167" />
                <SequencePoint ordinal="7" offset="65" sl="45" sc="13" el="45" ec="14" vc="1" uspid="168" />
                <SequencePoint ordinal="8" offset="66" sl="46" sc="17" el="46" ec="41" vc="1" uspid="169" />
                <SequencePoint ordinal="9" offset="74" sl="47" sc="13" el="47" ec="14" vc="1" uspid="170" />
                <SequencePoint ordinal="10" offset="75" sl="44" sc="35" el="44" ec="37" vc="3" uspid="171" />
                <SequencePoint ordinal="11" offset="118" sl="48" sc="9" el="48" ec="10" vc="2" uspid="172" />
              </SequencePoints>
            </Method>
            <Method cyclomaticComplexity="1">
              <MetadataToken>100663319</MetadataToken>
              <Name>System.Void BookFinder.BookListViewModel::BookListSelectedIndexChanged(System.Object,System.EventArgs)</Name>
              <FileRef uid="3" />
              <SequencePoints>
                <SequencePoint ordinal="0" offset="0" sl="51" sc="9" el="51" ec="10" vc="0" uspid="173" />
                <SequencePoint ordinal="1" offset="1" sl="52" sc="13" el="52" ec="67" vc="0" uspid="174" />
                <SequencePoint ordinal="2" offset="24" sl="53" sc="13" el="53" ec="62" vc="0" uspid="175" />
                <SequencePoint ordinal="3" offset="48" sl="54" sc="9" el="54" ec="10" vc="0" uspid="176" />
              </SequencePoints>
            </Method>
          </Methods>
        </Class>
        <Class>
          <FullName>BookFinder.Property</FullName>
          <Methods>
            <Method cyclomaticComplexity="1">
              <MetadataToken>100663320</MetadataToken>
              <Name>System.Void BookFinder.Property::.ctor(BookFinder.PropertyStorageStrategy)</Name>
              <FileRef uid="4" />
              <SequencePoints>
                <SequencePoint ordinal="0" offset="0" sl="9" sc="9" el="9" ec="60" vc="10" uspid="177" />
                <SequencePoint ordinal="1" offset="7" sl="10" sc="9" el="10" ec="10" vc="10" uspid="178" />
                <SequencePoint ordinal="2" offset="8" sl="11" sc="13" el="11" ec="36" vc="10" uspid="179" />
                <SequencePoint ordinal="3" offset="15" sl="12" sc="9" el="12" ec="10" vc="10" uspid="180" />
              </SequencePoints>
            </Method>
          </Methods>
        </Class>
        <Class>
          <FullName>BookFinder.StringProperty</FullName>
          <Methods>
            <Method cyclomaticComplexity="1">
              <MetadataToken>100663321</MetadataToken>
              <Name>System.Void BookFinder.StringProperty::.ctor(BookFinder.PropertyStorageStrategy)</Name>
              <FileRef uid="4" />
              <SequencePoints>
                <SequencePoint ordinal="0" offset="0" sl="17" sc="9" el="17" ec="79" vc="4" uspid="181" />
                <SequencePoint ordinal="1" offset="8" sl="18" sc="9" el="18" ec="10" vc="4" uspid="182" />
                <SequencePoint ordinal="2" offset="9" sl="18" sc="10" el="18" ec="11" vc="4" uspid="183" />
              </SequencePoints>
            </Method>
            <Method cyclomaticComplexity="1">
              <MetadataToken>100663322</MetadataToken>
              <Name>System.String BookFinder.StringProperty::get_Value()</Name>
              <FileRef uid="4" />
              <SequencePoints>
                <SequencePoint ordinal="0" offset="0" sl="22" sc="17" el="22" ec="18" vc="2" uspid="184" />
                <SequencePoint ordinal="1" offset="1" sl="22" sc="19" el="22" ec="49" vc="2" uspid="185" />
                <SequencePoint ordinal="2" offset="20" sl="22" sc="50" el="22" ec="51" vc="2" uspid="186" />
              </SequencePoints>
            </Method>
            <Method cyclomaticComplexity="1">
              <MetadataToken>100663323</MetadataToken>
              <Name>System.Void BookFinder.StringProperty::set_Value(System.String)</Name>
              <FileRef uid="4" />
              <SequencePoints>
                <SequencePoint ordinal="0" offset="0" sl="23" sc="17" el="23" ec="18" vc="2" uspid="187" />
                <SequencePoint ordinal="1" offset="1" sl="23" sc="19" el="23" ec="38" vc="2" uspid="188" />
                <SequencePoint ordinal="2" offset="14" sl="23" sc="39" el="23" ec="40" vc="2" uspid="189" />
              </SequencePoints>
            </Method>
          </Methods>
        </Class>
        <Class>
          <FullName>BookFinder.BoolProperty</FullName>
          <Methods>
            <Method cyclomaticComplexity="1">
              <MetadataToken>100663324</MetadataToken>
              <Name>System.Void BookFinder.BoolProperty::.ctor(BookFinder.PropertyStorageStrategy)</Name>
              <FileRef uid="4" />
              <SequencePoints>
                <SequencePoint ordinal="0" offset="0" sl="29" sc="9" el="29" ec="77" vc="2" uspid="190" />
                <SequencePoint ordinal="1" offset="8" sl="30" sc="9" el="30" ec="10" vc="2" uspid="191" />
                <SequencePoint ordinal="2" offset="9" sl="30" sc="10" el="30" ec="11" vc="2" uspid="192" />
              </SequencePoints>
            </Method>
            <Method cyclomaticComplexity="1">
              <MetadataToken>100663325</MetadataToken>
              <Name>System.Boolean BookFinder.BoolProperty::get_Value()</Name>
              <FileRef uid="4" />
              <SequencePoints>
                <SequencePoint ordinal="0" offset="0" sl="34" sc="17" el="34" ec="18" vc="0" uspid="193" />
                <SequencePoint ordinal="1" offset="1" sl="34" sc="19" el="34" ec="47" vc="0" uspid="194" />
                <SequencePoint ordinal="2" offset="20" sl="34" sc="48" el="34" ec="49" vc="0" uspid="195" />
              </SequencePoints>
            </Method>
            <Method cyclomaticComplexity="1">
              <MetadataToken>100663326</MetadataToken>
              <Name>System.Void BookFinder.BoolProperty::set_Value(System.Boolean)</Name>
              <FileRef uid="4" />
              <SequencePoints>
                <SequencePoint ordinal="0" offset="0" sl="35" sc="17" el="35" ec="18" vc="0" uspid="196" />
                <SequencePoint ordinal="1" offset="1" sl="35" sc="19" el="35" ec="38" vc="0" uspid="197" />
                <SequencePoint ordinal="2" offset="19" sl="35" sc="39" el="35" ec="40" vc="0" uspid="198" />
              </SequencePoints>
            </Method>
          </Methods>
        </Class>
        <Class>
          <FullName>BookFinder.ListProperty</FullName>
          <Methods>
            <Method cyclomaticComplexity="1">
              <MetadataToken>100663327</MetadataToken>
              <Name>System.Void BookFinder.ListProperty::.ctor(BookFinder.PropertyStorageStrategy)</Name>
              <FileRef uid="4" />
              <SequencePoints>
                <SequencePoint ordinal="0" offset="0" sl="41" sc="9" el="41" ec="77" vc="4" uspid="199" />
                <SequencePoint ordinal="1" offset="8" sl="42" sc="9" el="42" ec="10" vc="4" uspid="200" />
                <SequencePoint ordinal="2" offset="9" sl="42" sc="10" el="42" ec="11" vc="4" uspid="201" />
              </SequencePoints>
            </Method>
            <Method cyclomaticComplexity="1">
              <MetadataToken>100663328</MetadataToken>
              <Name>System.Collections.IList BookFinder.ListProperty::get_Value()</Name>
              <FileRef uid="4" />
              <SequencePoints>
                <SequencePoint ordinal="0" offset="0" sl="46" sc="17" el="46" ec="18" vc="4" uspid="202" />
                <SequencePoint ordinal="1" offset="1" sl="46" sc="19" el="46" ec="48" vc="4" uspid="203" />
                <SequencePoint ordinal="2" offset="20" sl="46" sc="49" el="46" ec="50" vc="4" uspid="204" />
              </SequencePoints>
            </Method>
            <Method cyclomaticComplexity="1">
              <MetadataToken>100663329</MetadataToken>
              <Name>System.Void BookFinder.ListProperty::set_Value(System.Collections.IList)</Name>
              <FileRef uid="4" />
              <SequencePoints>
                <SequencePoint ordinal="0" offset="0" sl="47" sc="17" el="47" ec="18" vc="0" uspid="205" />
                <SequencePoint ordinal="1" offset="1" sl="47" sc="19" el="47" ec="38" vc="0" uspid="206" />
                <SequencePoint ordinal="2" offset="14" sl="47" sc="39" el="47" ec="40" vc="0" uspid="207" />
              </SequencePoints>
            </Method>
          </Methods>
        </Class>
        <Class>
          <FullName>BookFinder.BoundPropertyStrategy</FullName>
          <Methods>
            <Method cyclomaticComplexity="1">
              <MetadataToken>100663330</MetadataToken>
              <Name>System.Void BookFinder.BoundPropertyStrategy::.ctor(System.Object,System.Reflection.PropertyInfo)</Name>
              <FileRef uid="8" />
              <SequencePoints>
                <SequencePoint ordinal="0" offset="0" sl="19" sc="10" el="19" ec="73" vc="0" uspid="208" />
                <SequencePoint ordinal="1" offset="7" sl="20" sc="10" el="20" ec="11" vc="0" uspid="209" />
                <SequencePoint ordinal="2" offset="8" sl="21" sc="13" el="21" ec="28" vc="0" uspid="210" />
                <SequencePoint ordinal="3" offset="15" sl="22" sc="13" el="22" ec="42" vc="0" uspid="211" />
                <SequencePoint ordinal="4" offset="22" sl="23" sc="10" el="23" ec="11" vc="0" uspid="212" />
              </SequencePoints>
            </Method>
            <Method cyclomaticComplexity="1">
              <MetadataToken>100663331</MetadataToken>
              <Name>System.Void BookFinder.BoundPropertyStrategy::Set(System.Object)</Name>
              <FileRef uid="8" />
              <SequencePoints>
                <SequencePoint ordinal="0" offset="0" sl="26" sc="10" el="26" ec="11" vc="0" uspid="213" />
                <SequencePoint ordinal="1" offset="1" sl="27" sc="13" el="27" ec="53" vc="0" uspid="214" />
                <SequencePoint ordinal="2" offset="21" sl="28" sc="10" el="28" ec="11" vc="0" uspid="215" />
              </SequencePoints>
            </Method>
            <Method cyclomaticComplexity="1">
              <MetadataToken>100663332</MetadataToken>
              <Name>System.Object BookFinder.BoundPropertyStrategy::Get()</Name>
              <FileRef uid="8" />
              <SequencePoints>
                <SequencePoint ordinal="0" offset="0" sl="31" sc="10" el="31" ec="11" vc="0" uspid="216" />
                <SequencePoint ordinal="1" offset="1" sl="32" sc="13" el="32" ec="53" vc="0" uspid="217" />
                <SequencePoint ordinal="2" offset="22" sl="33" sc="10" el="33" ec="11" vc="0" uspid="218" />
              </SequencePoints>
            </Method>
          </Methods>
        </Class>
      </Classes>
    </Module>
  </Modules>
  <VisitPoints />
</CoverageSession>